-------------------------------------------------------------------------------
Test set: com.example.demo.Demo2ApplicationTests
-------------------------------------------------------------------------------
Tests run: 1, Failures: 0, Errors: 1, Skipped: 0, Time elapsed: 3.042 s <<< FAILURE! - in com.example.demo.Demo2ApplicationTests
contextLoads(com.example.demo.Demo2ApplicationTests)  Time elapsed: 0.002 s  <<< ERROR!
java.lang.IllegalStateException: Failed to load ApplicationContext
Caused by: org.springframework.beans.factory.BeanCreationException: 
Error creating bean with name 'demo2Application': Instantiation of bean failed; nested exception is org.springframework.beans.BeanInstantiationException: Failed to instantiate [com.example.demo.Demo2Application$$EnhancerBySpringCGLIB$$f52dc5fa]: Constructor threw exception; nested exception is java.lang.Error: Unresolved compilation problems: 
	The type java.lang.Object cannot be resolved. It is indirectly referenced from required .class files
	The type java.lang.String cannot be resolved. It is indirectly referenced from required .class files
	The type java.lang.Class cannot be resolved. It is indirectly referenced from required .class files
	Implicit super constructor Object() is undefined for default constructor. Must define an explicit constructor
	String cannot be resolved to a type

Caused by: org.springframework.beans.BeanInstantiationException: 
Failed to instantiate [com.example.demo.Demo2Application$$EnhancerBySpringCGLIB$$f52dc5fa]: Constructor threw exception; nested exception is java.lang.Error: Unresolved compilation problems: 
	The type java.lang.Object cannot be resolved. It is indirectly referenced from required .class files
	The type java.lang.String cannot be resolved. It is indirectly referenced from required .class files
	The type java.lang.Class cannot be resolved. It is indirectly referenced from required .class files
	Implicit super constructor Object() is undefined for default constructor. Must define an explicit constructor
	String cannot be resolved to a type

Caused by: java.lang.Error: 
Unresolved compilation problems: 
	The type java.lang.Object cannot be resolved. It is indirectly referenced from required .class files
	The type java.lang.String cannot be resolved. It is indirectly referenced from required .class files
	The type java.lang.Class cannot be resolved. It is indirectly referenced from required .class files
	Implicit super constructor Object() is undefined for default constructor. Must define an explicit constructor
	String cannot be resolved to a type


